Tutorial7/app/build/intermediates/manifest_merge_blame_file/debug/manifest-merger-blame-debug-report.txt
1<?xml version="1.0" encoding="utf-8"?>
2<manifest xmlns:android="http://schemas.android.com/apk/res/android"
3    package="com.example.applicationdatastorage"
4    android:versionCode="1"
5    android:versionName="1.0" >
6
7    <uses-sdk
8        android:minSdkVersion="15"
8-->src\main\AndroidManifest.xml
9        android:targetSdkVersion="29" />
9-->src\main\AndroidManifest.xml
10
11    <uses-permission android:name="android.permission.WRITE_EXTERNAL_STORAGE" />
11-->src\main\AndroidManifest.xml:4:5-5:68
11-->src\main\AndroidManifest.xml:5:9-65
12    <uses-permission android:name="android.permission.READ_EXTERNAL_STORAGE" />
12-->src\main\AndroidManifest.xml:6:5-7:67
12-->src\main\AndroidManifest.xml:7:9-64
13
14    <application
14-->src\main\AndroidManifest.xml:8:5-38:19
15        android:allowBackup="true"
15-->src\main\AndroidManifest.xml:9:9-35
16        android:appComponentFactory="androidx.core.app.CoreComponentFactory"
16-->[androidx.core:core:1.0.1] AndroidManifest.xml:22:18-86
17        android:debuggable="true"
18        android:icon="@mipmap/ic_launcher"
18-->src\main\AndroidManifest.xml:10:9-43
19        android:label="@string/app_name"
19-->src\main\AndroidManifest.xml:11:9-41
20        android:roundIcon="@mipmap/ic_launcher_round"
20-->src\main\AndroidManifest.xml:12:9-54
21        android:supportsRtl="true"
21-->src\main\AndroidManifest.xml:13:9-35
22        android:testOnly="true"
23        android:theme="@style/Theme.AppCompat" >
23-->src\main\AndroidManifest.xml:14:9-47
24        <activity android:name="com.example.applicationdatastorage.MainActivity" >
24-->src\main\AndroidManifest.xml:16:9-21:20
24-->src\main\AndroidManifest.xml:16:19-47
25            <intent-filter>
25-->src\main\AndroidManifest.xml:17:13-20:29
26                <action android:name="android.intent.action.MAIN" />
26-->src\main\AndroidManifest.xml:18:17-69
26-->src\main\AndroidManifest.xml:18:25-66
27
28                <category android:name="android.intent.category.LAUNCHER" />
28-->src\main\AndroidManifest.xml:19:17-77
28-->src\main\AndroidManifest.xml:19:27-74
29            </intent-filter>
30        </activity>
31        <activity
31-->src\main\AndroidManifest.xml:22:9-29:20
32            android:name="com.example.applicationdatastorage.ActivityDataStudents"
32-->src\main\AndroidManifest.xml:23:13-49
33            android:label="@string/app_name" >
33-->src\main\AndroidManifest.xml:24:13-45
34            <intent-filter>
34-->src\main\AndroidManifest.xml:17:13-20:29
35                <action android:name="android.intent.action.MAIN" />
35-->src\main\AndroidManifest.xml:18:17-69
35-->src\main\AndroidManifest.xml:18:25-66
36
37                <category android:name="android.intent.category.LAUNCHER" />
37-->src\main\AndroidManifest.xml:19:17-77
37-->src\main\AndroidManifest.xml:19:27-74
38            </intent-filter>
39        </activity>
40        <activity
40-->src\main\AndroidManifest.xml:30:9-33:79
41            android:name="com.example.applicationdatastorage.ActivityModifyStudents"
41-->src\main\AndroidManifest.xml:31:13-51
42            android:label="@string/app_name"
42-->src\main\AndroidManifest.xml:32:13-45
43            android:theme="@android:style/Theme.DeviceDefault.Light.Dialog" />
43-->src\main\AndroidManifest.xml:33:13-76
44        <activity
44-->src\main\AndroidManifest.xml:34:9-37:79
45            android:name="com.example.applicationdatastorage.ActivityAddSTudents"
45-->src\main\AndroidManifest.xml:35:13-48
46            android:label="@string/app_name"
46-->src\main\AndroidManifest.xml:36:13-45
47            android:theme="@android:style/Theme.DeviceDefault.Light.Dialog" />
47-->src\main\AndroidManifest.xml:37:13-76
48    </application>
49
50</manifest>